n:\github\networkterm-client\networkchat-client-main\termclient\debug\vc143.pdb
n:\github\networkterm-client\networkchat-client-main\termclient\debug\vc143.idb
n:\github\networkterm-client\networkchat-client-main\termclient\debug\termclientcpp.obj
c:\users\us292\onedrive\바탕 화면\networkchat-client-main\debug\termclient.exe
c:\users\us292\onedrive\바탕 화면\networkchat-client-main\debug\termclient.pdb
n:\github\networkterm-client\networkchat-client-main\debug\termclient.exe
n:\github\networkterm-client\networkchat-client-main\debug\termclient.pdb
c:\users\us292\onedrive\바탕 화면\networkchat-client-main\termclient\debug\prjclient.res
n:\github\networkterm-client\networkchat-client-main\termclient\debug\prjclient.res
n:\github\networkterm-client\networkchat-client-main\termclient\debug\termclient.ilk
c:\users\kt912\networkterm-client\networkchat-client-main\termclient\debug\termclientcpp.obj
c:\users\kt912\networkterm-client\networkchat-client-main\termclient\debug\termclient.ilk
c:\users\kt912\networkterm-client\networkchat-client-main\termclient\debug\prjclient.res
c:\users\kt912\networkterm-client\networkchat-client-main\termclient\debug\vc143.idb
c:\users\kt912\networkterm-client\networkchat-client-main\termclient\debug\vc143.pdb
c:\users\kt912\networkterm-client\networkchat-client-main\debug\termclient.pdb
c:\users\kt912\networkterm-client\networkchat-client-main\debug\termclient.exe
c:\users\kt912\networkterm-client\networkchat-client-main\termclient\debug\termclient.tlog\cl.command.1.tlog
c:\users\kt912\networkterm-client\networkchat-client-main\termclient\debug\termclient.tlog\cl.items.tlog
c:\users\kt912\networkterm-client\networkchat-client-main\termclient\debug\termclient.tlog\cl.read.1.tlog
c:\users\kt912\networkterm-client\networkchat-client-main\termclient\debug\termclient.tlog\cl.write.1.tlog
c:\users\kt912\networkterm-client\networkchat-client-main\termclient\debug\termclient.tlog\link.command.1.tlog
c:\users\kt912\networkterm-client\networkchat-client-main\termclient\debug\termclient.tlog\link.read.1.tlog
c:\users\kt912\networkterm-client\networkchat-client-main\termclient\debug\termclient.tlog\link.secondary.1.tlog
c:\users\kt912\networkterm-client\networkchat-client-main\termclient\debug\termclient.tlog\link.write.1.tlog
c:\users\kt912\networkterm-client\networkchat-client-main\termclient\debug\termclient.tlog\rc.command.1.tlog
c:\users\kt912\networkterm-client\networkchat-client-main\termclient\debug\termclient.tlog\rc.read.1.tlog
c:\users\kt912\networkterm-client\networkchat-client-main\termclient\debug\termclient.tlog\rc.write.1.tlog
